Arguments: 
  D:\Software\nodejs\node.exe D:\Software\yarn\bin\yarn.js install

PATH: 
  D:\Software\cmder\vendor\git-for-windows\mingw64\bin;D:\Software\cmder\vendor\git-for-windows\usr\bin;C:\Users\陈靖宇\bin;C:\Program Files (x86)\Intel\Intel(R) Management Engine Components\iCLS;C:\Program Files\Intel\Intel(R) Management Engine Components\iCLS;C:\Windows\system32;C:\Windows;C:\Windows\System32\Wbem;C:\Windows\System32\WindowsPowerShell\v1.0;C:\Windows\System32\OpenSSH;C:\Program Files (x86)\Intel\Intel(R) Management Engine Components\DAL;C:\Program Files\Intel\Intel(R) Management Engine Components\DAL;C:\Program Files (x86)\Intel\Intel(R) Management Engine Components\IPT;C:\Program Files\Intel\Intel(R) Management Engine Components\IPT;C:\Program Files\NVIDIA Corporation\NVIDIA NvDLISR;C:\Program Files\Intel\WiFi\bin;C:\Program Files\Common Files\Intel\WirelessCommon;C:\Program Files (x86)\Windows Kits\8.1\Windows Performance Toolkit;C:\WINDOWS\system32;C:\WINDOWS;C:\WINDOWS\System32\Wbem;C:\WINDOWS\System32\WindowsPowerShell\v1.0;C:\WINDOWS\System32\OpenSSH;D:\Software\nodejs;D:\Software\yarn\bin;D:\Software\one;D:\Software\hugo;C:\Program Files\Git\cmd;C:\Users\陈靖宇\AppData\Local\Microsoft\WindowsApps;C:\前端\IntelliJ IDEA 2019.3.3\bin;C:\vscode\Microsoft VS Code\bin;C:\Users\陈靖宇\AppData\Roaming\npm;C:\Users\陈靖宇\AppData\Local\Yarn\bin;C:\Program Files\JetBrains\WebStorm 2020.3.2\bin

Yarn version: 
  1.22.5

Node version: 
  10.23.0

Platform: 
  win32 x64

Trace: 
  SyntaxError: C:\Users\陈靖宇\Desktop\document\webpack-demo-1\package.json: Unexpected end of JSON input
      at JSON.parse (<anonymous>)
      at D:\Software\yarn\lib\cli.js:1625:59
      at Generator.next (<anonymous>)
      at step (D:\Software\yarn\lib\cli.js:310:30)
      at D:\Software\yarn\lib\cli.js:321:13

npm manifest: 
  {
    "name": "webpack-demo-1",
    "version": "1.0.0",
    "description": "",
    "main": "index.js",
    "scripts": {
      "start": "webpack-dev-server",
      "build": "rm -rf dist && webpack --config webpack.config.prod.js",
      "test": "echo \"Error: no test specified\" && exit 1"
    },
    "keywords": [],
    "author": "",
    "license": "ISC",
    "devDependencies": {
      "css-loader": "^3.2.0",
      "dart-sass": "^1.23.7",
      "file-loader": "^5.0.2",
      "html-webpack-plugin": "^3.2.0",
      "less": "^3.10.3",
      "less-loader": "^5.0.0",
      "mini-css-extract-plugin": "^0.8.0",
      "sass-loader": "^8.0.0",
      "style-loader": "^1.0.1",
      "stylus": "^0.54.7",
      "stylus-loader": "^3.0.2",
      "webpack": "^4.41.2",
      "webpack-cli": "^3.3.10",
      "webpack-dev-server": "^3.9.0"
    }

yarn manifest: 
  No manifest

Lockfile: 
  No lockfile
